********************************************************************************************
*      Create Table Script for CYP_WORK.PB_ITEM
********************************************************************************************

  CREATE TABLE "CYP_WORK"."PB_ITEM"
   (	"ITEM_ID" NUMBER(9,0) CONSTRAINT "ITM_ITEM_ID_NN" NOT NULL ENABLE,
	"ITEM_VERSION" NUMBER(3,0) CONSTRAINT "ITM_ITEM_VERSION_NN" NOT NULL ENABLE,
	"LAST_VERSION_IND" VARCHAR2(1) CONSTRAINT "ITM_LAST_VERSION_IND_NN" NOT NULL EN
ABLE,
	"DIRECTORY_CODE" VARCHAR2(6) CONSTRAINT "ITM_DIRECTORY_CODE_NN" NOT NULL ENABLE
,
	"DIRECTORY_ISSUE_NUM" NUMBER(3,0) CONSTRAINT "ITM_DIRECTORY_ISSUE_NUM_NN" NOT N
ULL ENABLE,
	"SECTION_CODE" VARCHAR2(3),
	"HEADING_CODE" VARCHAR2(8),
	"SUB1_HEADING_CODE" VARCHAR2(8),
	"SUB2_HEADING_CODE" VARCHAR2(8),
	"LOCALITY_ID" NUMBER(9,0),
	"ACTIVE_IN_DIR" VARCHAR2(2),
	"ACTIVE_IN_DA" VARCHAR2(2),
	"BC_PRODUCT_STATUS_CODE" VARCHAR2(1),
	"ITEM_ACTION_CODE" VARCHAR2(1),
	"CUSTOMER_ID" NUMBER(10,0) CONSTRAINT "ITM_CUSTOMER_ID_NN" NOT NULL ENABLE,
	"LISTING_ID" NUMBER(12,0),
	"UDAC_CODE" VARCHAR2(10),
	"MAIN_ITEM_ID" NUMBER(9,0) CONSTRAINT "ITM_MAIN_ITEM_ID_NN" NOT NULL ENABLE,
	"SUBORD_ITM_SEQ_NUM" NUMBER(4,0),
	"CAPTION_ARR_IND" VARCHAR2(1),
	"ADVERT_ID" NUMBER(9,0),
	"ADVERT_LINE_SUB_ID" NUMBER(4,0),
	"ADV_LINE_SEQ_NUM" NUMBER(12,0),
	"MULTIPLE_ADV_COUNTER" NUMBER(9,0),
	"ADVERT_INDENT_LEVEL" NUMBER(1,0),
	"BRACING_TYPE" VARCHAR2(1),
	"CURRENT_LINE_SEQ_NUM" NUMBER(12,0),
	"CURRENT_INDENT_LEVEL" NUMBER(1,0),
	"CURRENT_BRACING_TYPE" VARCHAR2(1),
	"BRAND_NAME" VARCHAR2(132),
	"TRADE_HEADER_STS" NUMBER(1,0),
	"SORT_BRAND_NAME" VARCHAR2(132),
	"BC_PRODUCT_ID" NUMBER(9,0),
	"BC_PRODUCT_VERSION" NUMBER(3,0),
	"OM_SOURCE_PRODUCT_ID" VARCHAR2(30),
	"BC_MAIN_PRD_ID" NUMBER(9,0),
	"BC_OLD_PRODUCT_ID" NUMBER(9,0),
	"BASED_ON_PRODUCT_ID" NUMBER(9,0),
	"BASED_ON_PROD_VER" NUMBER(3,0),
	"CONTENT_ID" NUMBER(11,0),
	"CONTENT_VERSION" NUMBER(3,0),
	"SENIORITY_DATE" DATE,
	"MULTIPLE_AD_SEQ_NUM" VARCHAR2(1),
	"OMIT_ADDRESS_TYPE" VARCHAR2(1) CONSTRAINT "ITM_OMIT_ADDRESS_TYPE_NN" NOT NULL
ENABLE,
	"OMIT_ANCHOR_IND" VARCHAR2(1) CONSTRAINT "ITM_OMIT_ANCHOR_IND_NN" NOT NULL ENAB
LE,
	"OMIT_TEXT" VARCHAR2(1) CONSTRAINT "ITM_OMIT_TEXT_NN" NOT NULL ENABLE,
	"LOCALITY_POSITION" VARCHAR2(2),
	"NISD_AMOUNT" NUMBER(11,2) CONSTRAINT "ITM_NISD_AMOUNT_NN" NOT NULL ENABLE,
	"ORDER_STATUS" VARCHAR2(1),
	"ORDER_ID" NUMBER(10,0),
	"ORDER_TYPE" VARCHAR2(1),
	"ACTIVE_STS_UNIQUE_ID" NUMBER(9,0),
	"CTCR_USER_ID" NUMBER(6,0),
	"CTCR_SOURCE_PROG_ID" VARCHAR2(50),
	"CTCR_SOURCE_PROG_DT" DATE,
	"CTCR_TARGET_PROG_ID" VARCHAR2(50),
	"CTCR_TARGET_PROG_DT" DATE,
	"CTCR_SYS_CRE_DT" DATE,
	"CTCR_SYS_UPD_DT" DATE,
	"CTCR_EVENT_ID" NUMBER(12,0),
	"CTCR_SOURCE_APPL_NAME" VARCHAR2(20),
	"CTCR_SOURCE_PUBLISH_ID" NUMBER(10,0),
	"CTCR_SOURCE_EVENT_ID" NUMBER(12,0),
	"CTCR_SOURCE_MESSAGE_NAME" VARCHAR2(60),
	"ORIGIN_APPL_ID" VARCHAR2(50)
   ) PCTFREE 10 PCTUSED 40 INITRANS 16 MAXTRANS 255 NOCOMPRESS LOGGING
  TABLESPACE "CYP_DATA" ;


**********************************************************
*      Table Indexes
**********************************************************

  CREATE INDEX "CYP_WORK"."PB_ITEM_1IX" ON "CYP_WORK"."PB_ITEM" ("LISTING_ID", "
LAST_VERSION_IND")
  PCTFREE 10 INITRANS 2 MAXTRANS 255  LOGGING
  TABLESPACE "CYP_DATA"  GLOBAL PARTITION BY HASH ("LISTING_ID")
 (PARTITION "PB_ITEM_1IX_P01"
   TABLESPACE "CYP_DATA",
 PARTITION "PB_ITEM_1IX_P02"
   TABLESPACE "CYP_DATA",
 PARTITION "PB_ITEM_1IX_P03"
   TABLESPACE "CYP_DATA",
 PARTITION "PB_ITEM_1IX_P04"
   TABLESPACE "CYP_DATA",
 PARTITION "PB_ITEM_1IX_P05"
   TABLESPACE "CYP_DATA",
 PARTITION "PB_ITEM_1IX_P06"
   TABLESPACE "CYP_DATA",
 PARTITION "PB_ITEM_1IX_P07"
   TABLESPACE "CYP_DATA",
 PARTITION "PB_ITEM_1IX_P08"
   TABLESPACE "CYP_DATA",
 PARTITION "PB_ITEM_1IX_P09"
   TABLESPACE "CYP_DATA",
 PARTITION "PB_ITEM_1IX_P10"
   TABLESPACE "CYP_DATA",
 PARTITION "PB_ITEM_1IX_P11"
   TABLESPACE "CYP_DATA",
 PARTITION "PB_ITEM_1IX_P12"
   TABLESPACE "CYP_DATA",
 PARTITION "PB_ITEM_1IX_P13"
   TABLESPACE "CYP_DATA",
 PARTITION "PB_ITEM_1IX_P14"
   TABLESPACE "CYP_DATA",
 PARTITION "PB_ITEM_1IX_P15"
   TABLESPACE "CYP_DATA",
 PARTITION "PB_ITEM_1IX_P16"
   TABLESPACE "CYP_DATA") ;


**********************************************************
*      Table Constraints
**********************************************************

  ALTER TABLE "CYP_WORK"."PB_ITEM" MODIFY ("CUSTOMER_ID" CONSTRAINT "ITM_CUSTOME
R_ID_NN" NOT NULL ENABLE);

  ALTER TABLE "CYP_WORK"."PB_ITEM" MODIFY ("DIRECTORY_CODE" CONSTRAINT "ITM_DIRE
CTORY_CODE_NN" NOT NULL ENABLE);

  ALTER TABLE "CYP_WORK"."PB_ITEM" MODIFY ("DIRECTORY_ISSUE_NUM" CONSTRAINT "ITM
_DIRECTORY_ISSUE_NUM_NN" NOT NULL ENABLE);

  ALTER TABLE "CYP_WORK"."PB_ITEM" MODIFY ("ITEM_ID" CONSTRAINT "ITM_ITEM_ID_NN"
 NOT NULL ENABLE);

  ALTER TABLE "CYP_WORK"."PB_ITEM" MODIFY ("ITEM_VERSION" CONSTRAINT "ITM_ITEM_V
ERSION_NN" NOT NULL ENABLE);

  ALTER TABLE "CYP_WORK"."PB_ITEM" MODIFY ("LAST_VERSION_IND" CONSTRAINT "ITM_LA
ST_VERSION_IND_NN" NOT NULL ENABLE);

  ALTER TABLE "CYP_WORK"."PB_ITEM" MODIFY ("MAIN_ITEM_ID" CONSTRAINT "ITM_MAIN_I
TEM_ID_NN" NOT NULL ENABLE);

  ALTER TABLE "CYP_WORK"."PB_ITEM" MODIFY ("NISD_AMOUNT" CONSTRAINT "ITM_NISD_AM
OUNT_NN" NOT NULL ENABLE);

  ALTER TABLE "CYP_WORK"."PB_ITEM" MODIFY ("OMIT_ADDRESS_TYPE" CONSTRAINT "ITM_O
MIT_ADDRESS_TYPE_NN" NOT NULL ENABLE);

  ALTER TABLE "CYP_WORK"."PB_ITEM" MODIFY ("OMIT_ANCHOR_IND" CONSTRAINT "ITM_OMI
T_ANCHOR_IND_NN" NOT NULL ENABLE);

  ALTER TABLE "CYP_WORK"."PB_ITEM" MODIFY ("OMIT_TEXT" CONSTRAINT "ITM_OMIT_TEXT
_NN" NOT NULL ENABLE);


**********************************************************
*      Table Grants
**********************************************************

  GRANT SELECT ON "CYP_WORK"."PB_ITEM" TO "CYP_WORK_QUERY_ROLE";

  GRANT DELETE ON "CYP_WORK"."PB_ITEM" TO "CYP_WORK_UPDATOR_ROLE";

  GRANT INSERT ON "CYP_WORK"."PB_ITEM" TO "CYP_WORK_UPDATOR_ROLE";

  GRANT SELECT ON "CYP_WORK"."PB_ITEM" TO "CYP_WORK_UPDATOR_ROLE";

  GRANT UPDATE ON "CYP_WORK"."PB_ITEM" TO "CYP_WORK_UPDATOR_ROLE";


**********************************************************
*      Table Synonyms
**********************************************************
  CREATE SYNONYM CGS_USER.PB_ITEM_VIEW for CYP_WORK.PB_ITEM;
  CREATE SYNONYM CYP_USER.PB_ITEM for CYP_WORK.PB_ITEM;
  CREATE SYNONYM SO_USER.PB_ITEM_VIEW for CYP_WORK.PB_ITEM;

